{"contracts\\Lottery.sol":{"l":{"13":7,"14":6,"16":5,"17":5,"18":5,"23":2,"24":1,"25":1,"26":1,"29":1,"30":1,"32":1,"36":5,"37":4,"38":0,"41":5,"45":1,"49":1},"path":"C:\\Users\\Pavlo_Voshchenko\\blockchain\\4.1\\contracts\\Lottery.sol","s":{"1":7,"2":6,"3":5,"4":5,"5":2,"6":1,"7":1,"8":1,"9":1,"10":1,"11":5,"12":4,"13":0,"14":5,"15":1,"16":1},"b":{"1":[6,1],"2":[5,1],"3":[0,5],"4":[2,0],"5":[1,1],"6":[0,4]},"f":{"1":7,"2":2,"3":5,"4":1,"5":1},"fnMap":{"1":{"name":"enter","line":12,"loc":{"start":{"line":12,"column":4},"end":{"line":19,"column":4}}},"2":{"name":"selectWinner","line":22,"loc":{"start":{"line":22,"column":4},"end":{"line":33,"column":4}}},"3":{"name":"isParticipant","line":35,"loc":{"start":{"line":35,"column":4},"end":{"line":42,"column":4}}},"4":{"name":"generateRandomNumber","line":44,"loc":{"start":{"line":44,"column":4},"end":{"line":46,"column":4}}},"5":{"name":"getParticipants","line":48,"loc":{"start":{"line":48,"column":4},"end":{"line":50,"column":4}}}},"statementMap":{"1":{"start":{"line":13,"column":8},"end":{"line":13,"column":68}},"2":{"start":{"line":14,"column":8},"end":{"line":14,"column":69}},"3":{"start":{"line":17,"column":8},"end":{"line":17,"column":36}},"4":{"start":{"line":18,"column":8},"end":{"line":18,"column":50}},"5":{"start":{"line":23,"column":8},"end":{"line":23,"column":83}},"6":{"start":{"line":24,"column":8},"end":{"line":24,"column":74}},"7":{"start":{"line":25,"column":8},"end":{"line":25,"column":50}},"8":{"start":{"line":26,"column":8},"end":{"line":26,"column":51}},"9":{"start":{"line":29,"column":8},"end":{"line":29,"column":44}},"10":{"start":{"line":30,"column":8},"end":{"line":30,"column":37}},"11":{"start":{"line":36,"column":8},"end":{"line":36,"column":1414}},"12":{"start":{"line":37,"column":12},"end":{"line":37,"column":1483}},"13":{"start":{"line":38,"column":16},"end":{"line":38,"column":27}},"14":{"start":{"line":41,"column":8},"end":{"line":41,"column":20}},"15":{"start":{"line":45,"column":8},"end":{"line":45,"column":100}},"16":{"start":{"line":49,"column":4},"end":{"line":49,"column":23}}},"branchMap":{"1":{"line":13,"type":"if","locations":[{"start":{"line":13,"column":8},"end":{"line":13,"column":8}},{"start":{"line":13,"column":8},"end":{"line":13,"column":8}}]},"2":{"line":14,"type":"if","locations":[{"start":{"line":14,"column":8},"end":{"line":14,"column":8}},{"start":{"line":14,"column":8},"end":{"line":14,"column":8}}]},"3":{"line":16,"type":"if","locations":[{"start":{"line":16,"column":45},"end":{"line":16,"column":45}},{"start":{"line":16,"column":49},"end":{"line":16,"column":49}}]},"4":{"line":22,"type":"if","locations":[{"start":{"line":22,"column":37},"end":{"line":22,"column":37}},{"start":{"line":22,"column":37},"end":{"line":22,"column":37}}]},"5":{"line":23,"type":"if","locations":[{"start":{"line":23,"column":8},"end":{"line":23,"column":8}},{"start":{"line":23,"column":8},"end":{"line":23,"column":8}}]},"6":{"line":37,"type":"if","locations":[{"start":{"line":37,"column":12},"end":{"line":37,"column":12}},{"start":{"line":37,"column":12},"end":{"line":37,"column":12}}]}}}}