TN:
SF:C:\Users\Pavlo_Voshchenko\blockchain\4.1\contracts\Lottery.sol
FN:12,enter
FN:22,selectWinner
FN:35,isParticipant
FN:44,generateRandomNumber
FN:48,getParticipants
FNF:5
FNH:5
FNDA:7,enter
FNDA:2,selectWinner
FNDA:5,isParticipant
FNDA:1,generateRandomNumber
FNDA:1,getParticipants
DA:13,7
DA:14,6
DA:16,5
DA:17,5
DA:18,5
DA:23,2
DA:24,1
DA:25,1
DA:26,1
DA:29,1
DA:30,1
DA:32,1
DA:36,5
DA:37,4
DA:38,0
DA:41,5
DA:45,1
DA:49,1
LF:18
LH:17
BRDA:13,1,0,6
BRDA:13,1,1,1
BRDA:14,2,0,5
BRDA:14,2,1,1
BRDA:16,3,0,0
BRDA:16,3,1,5
BRDA:22,4,0,2
BRDA:22,4,1,0
BRDA:23,5,0,1
BRDA:23,5,1,1
BRDA:37,6,0,0
BRDA:37,6,1,4
BRF:12
BRH:9
end_of_record
